SF:lib\src\features\counter\data\data_sources\local\counter_storage.dart
DA:12,1
DA:19,1
DA:21,2
DA:24,1
DA:26,2
LF:5
LH:5
end_of_record
SF:lib\src\features\counter\data\repository\counter_repository.dart
DA:9,1
DA:11,1
DA:13,2
DA:16,1
DA:18,2
LF:5
LH:5
end_of_record
SF:lib\src\features\counter\domain\use_cases\counter\restore.dart
DA:8,1
DA:10,1
DA:11,2
LF:3
LH:3
end_of_record
SF:lib\src\features\counter\domain\use_cases\counter\save_to_disk.dart
DA:8,1
DA:10,1
DA:11,2
LF:3
LH:3
end_of_record
SF:lib\src\features\counter\presentation\cubit\counter_cubit.dart
DA:6,1
DA:9,1
DA:10,4
DA:16,4
DA:17,4
DA:18,4
DA:19,3
LF:7
LH:7
end_of_record
SF:lib\src\core\data\network\dio_client.dart
DA:6,0
DA:18,0
DA:19,0
DA:20,0
DA:21,0
DA:22,0
DA:23,0
DA:24,0
DA:33,0
DA:41,0
LF:10
LH:0
end_of_record
SF:lib\src\features\post\data\data_sources\network\post_api.dart
DA:13,1
DA:15,1
DA:18,2
LF:3
LH:3
end_of_record
SF:lib\src\features\post\data\entities\post_entity.dart
DA:4,2
DA:5,2
DA:6,2
DA:7,2
DA:8,2
DA:9,2
LF:6
LH:6
end_of_record
SF:lib\src\features\post\domain\models\post_model.dart
DA:9,4
DA:16,0
DA:18,1
DA:19,5
LF:4
LH:3
end_of_record
SF:lib\src\features\post\data\repository\post_repository.dart
DA:12,1
DA:14,1
DA:17,2
DA:19,5
DA:21,0
LF:5
LH:4
end_of_record
