SF:lib\src\features\home\data\data_sources\local\counter_storage.dart
DA:12,1
DA:19,1
DA:21,2
DA:24,1
DA:26,2
LF:5
LH:5
end_of_record
SF:lib\src\features\home\data\repository\counter_repository.dart
DA:9,1
DA:11,1
DA:13,2
DA:16,1
DA:18,2
LF:5
LH:5
end_of_record
SF:lib\src\features\home\domain\use_cases\counter\restore.dart
DA:8,1
DA:10,1
DA:11,2
LF:3
LH:3
end_of_record
SF:lib\src\features\home\domain\use_cases\counter\save_to_disk.dart
DA:8,1
DA:10,1
DA:11,2
LF:3
LH:3
end_of_record
SF:lib\src\features\home\presentation\cubit\counter_cubit.dart
DA:6,1
DA:9,1
DA:10,4
DA:16,4
DA:17,4
DA:18,4
DA:19,3
LF:7
LH:7
end_of_record
